Performing C SOURCE FILE Test CMAKE_HAVE_LIBC_PTHREAD failed with the following output:
Change Dir: /home/uosai/catkin_ws/build/CMakeFiles/CMakeScratch/TryCompile-zYRwl7

Run Build Command(s):/usr/bin/make -f Makefile cmTC_e6eef/fast && /usr/bin/make  -f CMakeFiles/cmTC_e6eef.dir/build.make CMakeFiles/cmTC_e6eef.dir/build
make[1]: Entering directory '/home/uosai/catkin_ws/build/CMakeFiles/CMakeScratch/TryCompile-zYRwl7'
Building C object CMakeFiles/cmTC_e6eef.dir/src.c.o
/usr/bin/cc -DCMAKE_HAVE_LIBC_PTHREAD   -o CMakeFiles/cmTC_e6eef.dir/src.c.o -c /home/uosai/catkin_ws/build/CMakeFiles/CMakeScratch/TryCompile-zYRwl7/src.c
Linking C executable cmTC_e6eef
/home/uosai/anaconda3/lib/python3.9/site-packages/cmake/data/bin/cmake -E cmake_link_script CMakeFiles/cmTC_e6eef.dir/link.txt --verbose=1
/usr/bin/cc -rdynamic CMakeFiles/cmTC_e6eef.dir/src.c.o -o cmTC_e6eef 
/usr/bin/ld: CMakeFiles/cmTC_e6eef.dir/src.c.o: in function `main':
src.c:(.text+0x46): undefined reference to `pthread_create'
/usr/bin/ld: src.c:(.text+0x52): undefined reference to `pthread_detach'
/usr/bin/ld: src.c:(.text+0x5e): undefined reference to `pthread_cancel'
/usr/bin/ld: src.c:(.text+0x6f): undefined reference to `pthread_join'
collect2: error: ld returned 1 exit status
make[1]: *** [CMakeFiles/cmTC_e6eef.dir/build.make:99: cmTC_e6eef] Error 1
make[1]: Leaving directory '/home/uosai/catkin_ws/build/CMakeFiles/CMakeScratch/TryCompile-zYRwl7'
make: *** [Makefile:127: cmTC_e6eef/fast] Error 2


Source file was:
#include <pthread.h>

static void* test_func(void* data)
{
  return data;
}

int main(void)
{
  pthread_t thread;
  pthread_create(&thread, NULL, test_func, NULL);
  pthread_detach(thread);
  pthread_cancel(thread);
  pthread_join(thread, NULL);
  pthread_atfork(NULL, NULL, NULL);
  pthread_exit(NULL);

  return 0;
}


Determining if the function pthread_create exists in the pthreads failed with the following output:
Change Dir: /home/uosai/catkin_ws/build/CMakeFiles/CMakeScratch/TryCompile-DwaAK7

Run Build Command(s):/usr/bin/make -f Makefile cmTC_992ba/fast && /usr/bin/make  -f CMakeFiles/cmTC_992ba.dir/build.make CMakeFiles/cmTC_992ba.dir/build
make[1]: Entering directory '/home/uosai/catkin_ws/build/CMakeFiles/CMakeScratch/TryCompile-DwaAK7'
Building C object CMakeFiles/cmTC_992ba.dir/CheckFunctionExists.c.o
/usr/bin/cc   -DCHECK_FUNCTION_EXISTS=pthread_create -o CMakeFiles/cmTC_992ba.dir/CheckFunctionExists.c.o -c /home/uosai/catkin_ws/build/CMakeFiles/CMakeScratch/TryCompile-DwaAK7/CheckFunctionExists.c
Linking C executable cmTC_992ba
/home/uosai/anaconda3/lib/python3.9/site-packages/cmake/data/bin/cmake -E cmake_link_script CMakeFiles/cmTC_992ba.dir/link.txt --verbose=1
/usr/bin/cc  -DCHECK_FUNCTION_EXISTS=pthread_create -rdynamic CMakeFiles/cmTC_992ba.dir/CheckFunctionExists.c.o -o cmTC_992ba  -lpthreads 
/usr/bin/ld: cannot find -lpthreads
collect2: error: ld returned 1 exit status
make[1]: *** [CMakeFiles/cmTC_992ba.dir/build.make:99: cmTC_992ba] Error 1
make[1]: Leaving directory '/home/uosai/catkin_ws/build/CMakeFiles/CMakeScratch/TryCompile-DwaAK7'
make: *** [Makefile:127: cmTC_992ba/fast] Error 2



